[01-Dec-2017 20:44:16 UTC] PHP Warning:  include(../../../inc/dbConnection.php): failed to open stream: No such file or directory in /home/ubuntu/workspace/stwalton/labs/lab9/api/getPetInfo.php on line 3
[01-Dec-2017 20:44:16 UTC] PHP Stack trace:
[01-Dec-2017 20:44:16 UTC] PHP   1. {main}() /home/ubuntu/workspace/stwalton/labs/lab9/api/getPetInfo.php:0
[01-Dec-2017 20:44:16 UTC] PHP Warning:  include(): Failed opening '../../../inc/dbConnection.php' for inclusion (include_path='.:/usr/share/php:/usr/share/pear') in /home/ubuntu/workspace/stwalton/labs/lab9/api/getPetInfo.php on line 3
[01-Dec-2017 20:44:16 UTC] PHP Stack trace:
[01-Dec-2017 20:44:16 UTC] PHP   1. {main}() /home/ubuntu/workspace/stwalton/labs/lab9/api/getPetInfo.php:0
[01-Dec-2017 20:44:16 UTC] PHP Fatal error:  Call to undefined function getDBConnection() in /home/ubuntu/workspace/stwalton/labs/lab9/api/getPetInfo.php on line 4
[01-Dec-2017 20:44:16 UTC] PHP Stack trace:
[01-Dec-2017 20:44:16 UTC] PHP   1. {main}() /home/ubuntu/workspace/stwalton/labs/lab9/api/getPetInfo.php:0
[01-Dec-2017 20:44:18 UTC] PHP Warning:  include(../../../inc/dbConnection.php): failed to open stream: No such file or directory in /home/ubuntu/workspace/stwalton/labs/lab9/api/getPetInfo.php on line 3
[01-Dec-2017 20:44:18 UTC] PHP Stack trace:
[01-Dec-2017 20:44:18 UTC] PHP   1. {main}() /home/ubuntu/workspace/stwalton/labs/lab9/api/getPetInfo.php:0
[01-Dec-2017 20:44:18 UTC] PHP Warning:  include(): Failed opening '../../../inc/dbConnection.php' for inclusion (include_path='.:/usr/share/php:/usr/share/pear') in /home/ubuntu/workspace/stwalton/labs/lab9/api/getPetInfo.php on line 3
[01-Dec-2017 20:44:18 UTC] PHP Stack trace:
[01-Dec-2017 20:44:18 UTC] PHP   1. {main}() /home/ubuntu/workspace/stwalton/labs/lab9/api/getPetInfo.php:0
[01-Dec-2017 20:44:18 UTC] PHP Fatal error:  Call to undefined function getDBConnection() in /home/ubuntu/workspace/stwalton/labs/lab9/api/getPetInfo.php on line 4
[01-Dec-2017 20:44:18 UTC] PHP Stack trace:
[01-Dec-2017 20:44:18 UTC] PHP   1. {main}() /home/ubuntu/workspace/stwalton/labs/lab9/api/getPetInfo.php:0
[01-Dec-2017 20:44:20 UTC] PHP Warning:  include(../../../inc/dbConnection.php): failed to open stream: No such file or directory in /home/ubuntu/workspace/stwalton/labs/lab9/api/getPetInfo.php on line 3
[01-Dec-2017 20:44:20 UTC] PHP Stack trace:
[01-Dec-2017 20:44:20 UTC] PHP   1. {main}() /home/ubuntu/workspace/stwalton/labs/lab9/api/getPetInfo.php:0
[01-Dec-2017 20:44:20 UTC] PHP Warning:  include(): Failed opening '../../../inc/dbConnection.php' for inclusion (include_path='.:/usr/share/php:/usr/share/pear') in /home/ubuntu/workspace/stwalton/labs/lab9/api/getPetInfo.php on line 3
[01-Dec-2017 20:44:20 UTC] PHP Stack trace:
[01-Dec-2017 20:44:20 UTC] PHP   1. {main}() /home/ubuntu/workspace/stwalton/labs/lab9/api/getPetInfo.php:0
[01-Dec-2017 20:44:20 UTC] PHP Fatal error:  Call to undefined function getDBConnection() in /home/ubuntu/workspace/stwalton/labs/lab9/api/getPetInfo.php on line 4
[01-Dec-2017 20:44:20 UTC] PHP Stack trace:
[01-Dec-2017 20:44:20 UTC] PHP   1. {main}() /home/ubuntu/workspace/stwalton/labs/lab9/api/getPetInfo.php:0
[01-Dec-2017 20:44:21 UTC] PHP Warning:  include(../../../inc/dbConnection.php): failed to open stream: No such file or directory in /home/ubuntu/workspace/stwalton/labs/lab9/api/getPetInfo.php on line 3
[01-Dec-2017 20:44:21 UTC] PHP Stack trace:
[01-Dec-2017 20:44:21 UTC] PHP   1. {main}() /home/ubuntu/workspace/stwalton/labs/lab9/api/getPetInfo.php:0
[01-Dec-2017 20:44:21 UTC] PHP Warning:  include(): Failed opening '../../../inc/dbConnection.php' for inclusion (include_path='.:/usr/share/php:/usr/share/pear') in /home/ubuntu/workspace/stwalton/labs/lab9/api/getPetInfo.php on line 3
[01-Dec-2017 20:44:21 UTC] PHP Stack trace:
[01-Dec-2017 20:44:21 UTC] PHP   1. {main}() /home/ubuntu/workspace/stwalton/labs/lab9/api/getPetInfo.php:0
[01-Dec-2017 20:44:21 UTC] PHP Fatal error:  Call to undefined function getDBConnection() in /home/ubuntu/workspace/stwalton/labs/lab9/api/getPetInfo.php on line 4
[01-Dec-2017 20:44:21 UTC] PHP Stack trace:
[01-Dec-2017 20:44:21 UTC] PHP   1. {main}() /home/ubuntu/workspace/stwalton/labs/lab9/api/getPetInfo.php:0
[01-Dec-2017 20:44:23 UTC] PHP Warning:  include(../../../inc/dbConnection.php): failed to open stream: No such file or directory in /home/ubuntu/workspace/stwalton/labs/lab9/api/getPetInfo.php on line 3
[01-Dec-2017 20:44:23 UTC] PHP Stack trace:
[01-Dec-2017 20:44:23 UTC] PHP   1. {main}() /home/ubuntu/workspace/stwalton/labs/lab9/api/getPetInfo.php:0
[01-Dec-2017 20:44:23 UTC] PHP Warning:  include(): Failed opening '../../../inc/dbConnection.php' for inclusion (include_path='.:/usr/share/php:/usr/share/pear') in /home/ubuntu/workspace/stwalton/labs/lab9/api/getPetInfo.php on line 3
[01-Dec-2017 20:44:23 UTC] PHP Stack trace:
[01-Dec-2017 20:44:23 UTC] PHP   1. {main}() /home/ubuntu/workspace/stwalton/labs/lab9/api/getPetInfo.php:0
[01-Dec-2017 20:44:23 UTC] PHP Fatal error:  Call to undefined function getDBConnection() in /home/ubuntu/workspace/stwalton/labs/lab9/api/getPetInfo.php on line 4
[01-Dec-2017 20:44:23 UTC] PHP Stack trace:
[01-Dec-2017 20:44:23 UTC] PHP   1. {main}() /home/ubuntu/workspace/stwalton/labs/lab9/api/getPetInfo.php:0
[01-Dec-2017 20:44:23 UTC] PHP Warning:  include(../../../inc/dbConnection.php): failed to open stream: No such file or directory in /home/ubuntu/workspace/stwalton/labs/lab9/api/getPetInfo.php on line 3
[01-Dec-2017 20:44:23 UTC] PHP Stack trace:
[01-Dec-2017 20:44:23 UTC] PHP   1. {main}() /home/ubuntu/workspace/stwalton/labs/lab9/api/getPetInfo.php:0
[01-Dec-2017 20:44:23 UTC] PHP Warning:  include(): Failed opening '../../../inc/dbConnection.php' for inclusion (include_path='.:/usr/share/php:/usr/share/pear') in /home/ubuntu/workspace/stwalton/labs/lab9/api/getPetInfo.php on line 3
[01-Dec-2017 20:44:23 UTC] PHP Stack trace:
[01-Dec-2017 20:44:23 UTC] PHP   1. {main}() /home/ubuntu/workspace/stwalton/labs/lab9/api/getPetInfo.php:0
[01-Dec-2017 20:44:23 UTC] PHP Fatal error:  Call to undefined function getDBConnection() in /home/ubuntu/workspace/stwalton/labs/lab9/api/getPetInfo.php on line 4
[01-Dec-2017 20:44:23 UTC] PHP Stack trace:
[01-Dec-2017 20:44:23 UTC] PHP   1. {main}() /home/ubuntu/workspace/stwalton/labs/lab9/api/getPetInfo.php:0
[01-Dec-2017 20:44:27 UTC] PHP Warning:  include(../../../inc/dbConnection.php): failed to open stream: No such file or directory in /home/ubuntu/workspace/stwalton/labs/lab9/api/getPetInfo.php on line 3
[01-Dec-2017 20:44:27 UTC] PHP Stack trace:
[01-Dec-2017 20:44:27 UTC] PHP   1. {main}() /home/ubuntu/workspace/stwalton/labs/lab9/api/getPetInfo.php:0
[01-Dec-2017 20:44:27 UTC] PHP Warning:  include(): Failed opening '../../../inc/dbConnection.php' for inclusion (include_path='.:/usr/share/php:/usr/share/pear') in /home/ubuntu/workspace/stwalton/labs/lab9/api/getPetInfo.php on line 3
[01-Dec-2017 20:44:27 UTC] PHP Stack trace:
[01-Dec-2017 20:44:27 UTC] PHP   1. {main}() /home/ubuntu/workspace/stwalton/labs/lab9/api/getPetInfo.php:0
[01-Dec-2017 20:44:27 UTC] PHP Fatal error:  Call to undefined function getDBConnection() in /home/ubuntu/workspace/stwalton/labs/lab9/api/getPetInfo.php on line 4
[01-Dec-2017 20:44:27 UTC] PHP Stack trace:
[01-Dec-2017 20:44:27 UTC] PHP   1. {main}() /home/ubuntu/workspace/stwalton/labs/lab9/api/getPetInfo.php:0
[01-Dec-2017 20:44:28 UTC] PHP Warning:  include(../../../inc/dbConnection.php): failed to open stream: No such file or directory in /home/ubuntu/workspace/stwalton/labs/lab9/api/getPetInfo.php on line 3
[01-Dec-2017 20:44:28 UTC] PHP Stack trace:
[01-Dec-2017 20:44:28 UTC] PHP   1. {main}() /home/ubuntu/workspace/stwalton/labs/lab9/api/getPetInfo.php:0
[01-Dec-2017 20:44:28 UTC] PHP Warning:  include(): Failed opening '../../../inc/dbConnection.php' for inclusion (include_path='.:/usr/share/php:/usr/share/pear') in /home/ubuntu/workspace/stwalton/labs/lab9/api/getPetInfo.php on line 3
[01-Dec-2017 20:44:28 UTC] PHP Stack trace:
[01-Dec-2017 20:44:28 UTC] PHP   1. {main}() /home/ubuntu/workspace/stwalton/labs/lab9/api/getPetInfo.php:0
[01-Dec-2017 20:44:28 UTC] PHP Fatal error:  Call to undefined function getDBConnection() in /home/ubuntu/workspace/stwalton/labs/lab9/api/getPetInfo.php on line 4
[01-Dec-2017 20:44:28 UTC] PHP Stack trace:
[01-Dec-2017 20:44:28 UTC] PHP   1. {main}() /home/ubuntu/workspace/stwalton/labs/lab9/api/getPetInfo.php:0
[01-Dec-2017 20:44:32 UTC] PHP Warning:  include(../../../inc/dbConnection.php): failed to open stream: No such file or directory in /home/ubuntu/workspace/stwalton/labs/lab9/api/getPetInfo.php on line 3
[01-Dec-2017 20:44:32 UTC] PHP Stack trace:
[01-Dec-2017 20:44:32 UTC] PHP   1. {main}() /home/ubuntu/workspace/stwalton/labs/lab9/api/getPetInfo.php:0
[01-Dec-2017 20:44:32 UTC] PHP Warning:  include(): Failed opening '../../../inc/dbConnection.php' for inclusion (include_path='.:/usr/share/php:/usr/share/pear') in /home/ubuntu/workspace/stwalton/labs/lab9/api/getPetInfo.php on line 3
[01-Dec-2017 20:44:32 UTC] PHP Stack trace:
[01-Dec-2017 20:44:32 UTC] PHP   1. {main}() /home/ubuntu/workspace/stwalton/labs/lab9/api/getPetInfo.php:0
[01-Dec-2017 20:44:32 UTC] PHP Fatal error:  Call to undefined function getDBConnection() in /home/ubuntu/workspace/stwalton/labs/lab9/api/getPetInfo.php on line 4
[01-Dec-2017 20:44:32 UTC] PHP Stack trace:
[01-Dec-2017 20:44:32 UTC] PHP   1. {main}() /home/ubuntu/workspace/stwalton/labs/lab9/api/getPetInfo.php:0
[01-Dec-2017 20:44:33 UTC] PHP Warning:  include(../../../inc/dbConnection.php): failed to open stream: No such file or directory in /home/ubuntu/workspace/stwalton/labs/lab9/api/getPetInfo.php on line 3
[01-Dec-2017 20:44:33 UTC] PHP Stack trace:
[01-Dec-2017 20:44:33 UTC] PHP   1. {main}() /home/ubuntu/workspace/stwalton/labs/lab9/api/getPetInfo.php:0
[01-Dec-2017 20:44:33 UTC] PHP Warning:  include(): Failed opening '../../../inc/dbConnection.php' for inclusion (include_path='.:/usr/share/php:/usr/share/pear') in /home/ubuntu/workspace/stwalton/labs/lab9/api/getPetInfo.php on line 3
[01-Dec-2017 20:44:33 UTC] PHP Stack trace:
[01-Dec-2017 20:44:33 UTC] PHP   1. {main}() /home/ubuntu/workspace/stwalton/labs/lab9/api/getPetInfo.php:0
[01-Dec-2017 20:44:33 UTC] PHP Fatal error:  Call to undefined function getDBConnection() in /home/ubuntu/workspace/stwalton/labs/lab9/api/getPetInfo.php on line 4
[01-Dec-2017 20:44:33 UTC] PHP Stack trace:
[01-Dec-2017 20:44:33 UTC] PHP   1. {main}() /home/ubuntu/workspace/stwalton/labs/lab9/api/getPetInfo.php:0
[01-Dec-2017 20:44:33 UTC] PHP Warning:  include(../../../inc/dbConnection.php): failed to open stream: No such file or directory in /home/ubuntu/workspace/stwalton/labs/lab9/api/getPetInfo.php on line 3
[01-Dec-2017 20:44:33 UTC] PHP Stack trace:
[01-Dec-2017 20:44:33 UTC] PHP   1. {main}() /home/ubuntu/workspace/stwalton/labs/lab9/api/getPetInfo.php:0
[01-Dec-2017 20:44:33 UTC] PHP Warning:  include(): Failed opening '../../../inc/dbConnection.php' for inclusion (include_path='.:/usr/share/php:/usr/share/pear') in /home/ubuntu/workspace/stwalton/labs/lab9/api/getPetInfo.php on line 3
[01-Dec-2017 20:44:33 UTC] PHP Stack trace:
[01-Dec-2017 20:44:33 UTC] PHP   1. {main}() /home/ubuntu/workspace/stwalton/labs/lab9/api/getPetInfo.php:0
[01-Dec-2017 20:44:33 UTC] PHP Fatal error:  Call to undefined function getDBConnection() in /home/ubuntu/workspace/stwalton/labs/lab9/api/getPetInfo.php on line 4
[01-Dec-2017 20:44:33 UTC] PHP Stack trace:
[01-Dec-2017 20:44:33 UTC] PHP   1. {main}() /home/ubuntu/workspace/stwalton/labs/lab9/api/getPetInfo.php:0
[01-Dec-2017 20:44:34 UTC] PHP Warning:  include(../../../inc/dbConnection.php): failed to open stream: No such file or directory in /home/ubuntu/workspace/stwalton/labs/lab9/api/getPetInfo.php on line 3
[01-Dec-2017 20:44:34 UTC] PHP Stack trace:
[01-Dec-2017 20:44:34 UTC] PHP   1. {main}() /home/ubuntu/workspace/stwalton/labs/lab9/api/getPetInfo.php:0
[01-Dec-2017 20:44:34 UTC] PHP Warning:  include(): Failed opening '../../../inc/dbConnection.php' for inclusion (include_path='.:/usr/share/php:/usr/share/pear') in /home/ubuntu/workspace/stwalton/labs/lab9/api/getPetInfo.php on line 3
[01-Dec-2017 20:44:34 UTC] PHP Stack trace:
[01-Dec-2017 20:44:34 UTC] PHP   1. {main}() /home/ubuntu/workspace/stwalton/labs/lab9/api/getPetInfo.php:0
[01-Dec-2017 20:44:34 UTC] PHP Fatal error:  Call to undefined function getDBConnection() in /home/ubuntu/workspace/stwalton/labs/lab9/api/getPetInfo.php on line 4
[01-Dec-2017 20:44:34 UTC] PHP Stack trace:
[01-Dec-2017 20:44:34 UTC] PHP   1. {main}() /home/ubuntu/workspace/stwalton/labs/lab9/api/getPetInfo.php:0
[01-Dec-2017 20:44:34 UTC] PHP Warning:  include(../../../inc/dbConnection.php): failed to open stream: No such file or directory in /home/ubuntu/workspace/stwalton/labs/lab9/api/getPetInfo.php on line 3
[01-Dec-2017 20:44:34 UTC] PHP Stack trace:
[01-Dec-2017 20:44:34 UTC] PHP   1. {main}() /home/ubuntu/workspace/stwalton/labs/lab9/api/getPetInfo.php:0
[01-Dec-2017 20:44:34 UTC] PHP Warning:  include(): Failed opening '../../../inc/dbConnection.php' for inclusion (include_path='.:/usr/share/php:/usr/share/pear') in /home/ubuntu/workspace/stwalton/labs/lab9/api/getPetInfo.php on line 3
[01-Dec-2017 20:44:34 UTC] PHP Stack trace:
[01-Dec-2017 20:44:34 UTC] PHP   1. {main}() /home/ubuntu/workspace/stwalton/labs/lab9/api/getPetInfo.php:0
[01-Dec-2017 20:44:34 UTC] PHP Fatal error:  Call to undefined function getDBConnection() in /home/ubuntu/workspace/stwalton/labs/lab9/api/getPetInfo.php on line 4
[01-Dec-2017 20:44:34 UTC] PHP Stack trace:
[01-Dec-2017 20:44:34 UTC] PHP   1. {main}() /home/ubuntu/workspace/stwalton/labs/lab9/api/getPetInfo.php:0
[01-Dec-2017 20:44:34 UTC] PHP Warning:  include(../../../inc/dbConnection.php): failed to open stream: No such file or directory in /home/ubuntu/workspace/stwalton/labs/lab9/api/getPetInfo.php on line 3
[01-Dec-2017 20:44:34 UTC] PHP Stack trace:
[01-Dec-2017 20:44:34 UTC] PHP   1. {main}() /home/ubuntu/workspace/stwalton/labs/lab9/api/getPetInfo.php:0
[01-Dec-2017 20:44:34 UTC] PHP Warning:  include(): Failed opening '../../../inc/dbConnection.php' for inclusion (include_path='.:/usr/share/php:/usr/share/pear') in /home/ubuntu/workspace/stwalton/labs/lab9/api/getPetInfo.php on line 3
[01-Dec-2017 20:44:34 UTC] PHP Stack trace:
[01-Dec-2017 20:44:34 UTC] PHP   1. {main}() /home/ubuntu/workspace/stwalton/labs/lab9/api/getPetInfo.php:0
[01-Dec-2017 20:44:34 UTC] PHP Fatal error:  Call to undefined function getDBConnection() in /home/ubuntu/workspace/stwalton/labs/lab9/api/getPetInfo.php on line 4
[01-Dec-2017 20:44:34 UTC] PHP Stack trace:
[01-Dec-2017 20:44:34 UTC] PHP   1. {main}() /home/ubuntu/workspace/stwalton/labs/lab9/api/getPetInfo.php:0
[01-Dec-2017 20:44:35 UTC] PHP Warning:  include(../../../inc/dbConnection.php): failed to open stream: No such file or directory in /home/ubuntu/workspace/stwalton/labs/lab9/api/getPetInfo.php on line 3
[01-Dec-2017 20:44:35 UTC] PHP Stack trace:
[01-Dec-2017 20:44:35 UTC] PHP   1. {main}() /home/ubuntu/workspace/stwalton/labs/lab9/api/getPetInfo.php:0
[01-Dec-2017 20:44:35 UTC] PHP Warning:  include(): Failed opening '../../../inc/dbConnection.php' for inclusion (include_path='.:/usr/share/php:/usr/share/pear') in /home/ubuntu/workspace/stwalton/labs/lab9/api/getPetInfo.php on line 3
[01-Dec-2017 20:44:35 UTC] PHP Stack trace:
[01-Dec-2017 20:44:35 UTC] PHP   1. {main}() /home/ubuntu/workspace/stwalton/labs/lab9/api/getPetInfo.php:0
[01-Dec-2017 20:44:35 UTC] PHP Fatal error:  Call to undefined function getDBConnection() in /home/ubuntu/workspace/stwalton/labs/lab9/api/getPetInfo.php on line 4
[01-Dec-2017 20:44:35 UTC] PHP Stack trace:
[01-Dec-2017 20:44:35 UTC] PHP   1. {main}() /home/ubuntu/workspace/stwalton/labs/lab9/api/getPetInfo.php:0
[01-Dec-2017 20:44:36 UTC] PHP Warning:  include(../../../inc/dbConnection.php): failed to open stream: No such file or directory in /home/ubuntu/workspace/stwalton/labs/lab9/api/getPetInfo.php on line 3
[01-Dec-2017 20:44:36 UTC] PHP Stack trace:
[01-Dec-2017 20:44:36 UTC] PHP   1. {main}() /home/ubuntu/workspace/stwalton/labs/lab9/api/getPetInfo.php:0
[01-Dec-2017 20:44:36 UTC] PHP Warning:  include(): Failed opening '../../../inc/dbConnection.php' for inclusion (include_path='.:/usr/share/php:/usr/share/pear') in /home/ubuntu/workspace/stwalton/labs/lab9/api/getPetInfo.php on line 3
[01-Dec-2017 20:44:36 UTC] PHP Stack trace:
[01-Dec-2017 20:44:36 UTC] PHP   1. {main}() /home/ubuntu/workspace/stwalton/labs/lab9/api/getPetInfo.php:0
[01-Dec-2017 20:44:36 UTC] PHP Fatal error:  Call to undefined function getDBConnection() in /home/ubuntu/workspace/stwalton/labs/lab9/api/getPetInfo.php on line 4
[01-Dec-2017 20:44:36 UTC] PHP Stack trace:
[01-Dec-2017 20:44:36 UTC] PHP   1. {main}() /home/ubuntu/workspace/stwalton/labs/lab9/api/getPetInfo.php:0
[01-Dec-2017 20:44:37 UTC] PHP Warning:  include(../../../inc/dbConnection.php): failed to open stream: No such file or directory in /home/ubuntu/workspace/stwalton/labs/lab9/api/getPetInfo.php on line 3
[01-Dec-2017 20:44:37 UTC] PHP Stack trace:
[01-Dec-2017 20:44:37 UTC] PHP   1. {main}() /home/ubuntu/workspace/stwalton/labs/lab9/api/getPetInfo.php:0
[01-Dec-2017 20:44:37 UTC] PHP Warning:  include(): Failed opening '../../../inc/dbConnection.php' for inclusion (include_path='.:/usr/share/php:/usr/share/pear') in /home/ubuntu/workspace/stwalton/labs/lab9/api/getPetInfo.php on line 3
[01-Dec-2017 20:44:37 UTC] PHP Stack trace:
[01-Dec-2017 20:44:37 UTC] PHP   1. {main}() /home/ubuntu/workspace/stwalton/labs/lab9/api/getPetInfo.php:0
[01-Dec-2017 20:44:37 UTC] PHP Fatal error:  Call to undefined function getDBConnection() in /home/ubuntu/workspace/stwalton/labs/lab9/api/getPetInfo.php on line 4
[01-Dec-2017 20:44:37 UTC] PHP Stack trace:
[01-Dec-2017 20:44:37 UTC] PHP   1. {main}() /home/ubuntu/workspace/stwalton/labs/lab9/api/getPetInfo.php:0
[01-Dec-2017 20:44:38 UTC] PHP Warning:  include(../../../inc/dbConnection.php): failed to open stream: No such file or directory in /home/ubuntu/workspace/stwalton/labs/lab9/api/getPetInfo.php on line 3
[01-Dec-2017 20:44:38 UTC] PHP Stack trace:
[01-Dec-2017 20:44:38 UTC] PHP   1. {main}() /home/ubuntu/workspace/stwalton/labs/lab9/api/getPetInfo.php:0
[01-Dec-2017 20:44:38 UTC] PHP Warning:  include(): Failed opening '../../../inc/dbConnection.php' for inclusion (include_path='.:/usr/share/php:/usr/share/pear') in /home/ubuntu/workspace/stwalton/labs/lab9/api/getPetInfo.php on line 3
[01-Dec-2017 20:44:38 UTC] PHP Stack trace:
[01-Dec-2017 20:44:38 UTC] PHP   1. {main}() /home/ubuntu/workspace/stwalton/labs/lab9/api/getPetInfo.php:0
[01-Dec-2017 20:44:38 UTC] PHP Fatal error:  Call to undefined function getDBConnection() in /home/ubuntu/workspace/stwalton/labs/lab9/api/getPetInfo.php on line 4
[01-Dec-2017 20:44:38 UTC] PHP Stack trace:
[01-Dec-2017 20:44:38 UTC] PHP   1. {main}() /home/ubuntu/workspace/stwalton/labs/lab9/api/getPetInfo.php:0
[01-Dec-2017 20:44:38 UTC] PHP Warning:  include(../../../inc/dbConnection.php): failed to open stream: No such file or directory in /home/ubuntu/workspace/stwalton/labs/lab9/api/getPetInfo.php on line 3
[01-Dec-2017 20:44:38 UTC] PHP Stack trace:
[01-Dec-2017 20:44:38 UTC] PHP   1. {main}() /home/ubuntu/workspace/stwalton/labs/lab9/api/getPetInfo.php:0
[01-Dec-2017 20:44:38 UTC] PHP Warning:  include(): Failed opening '../../../inc/dbConnection.php' for inclusion (include_path='.:/usr/share/php:/usr/share/pear') in /home/ubuntu/workspace/stwalton/labs/lab9/api/getPetInfo.php on line 3
[01-Dec-2017 20:44:38 UTC] PHP Stack trace:
[01-Dec-2017 20:44:38 UTC] PHP   1. {main}() /home/ubuntu/workspace/stwalton/labs/lab9/api/getPetInfo.php:0
[01-Dec-2017 20:44:38 UTC] PHP Fatal error:  Call to undefined function getDBConnection() in /home/ubuntu/workspace/stwalton/labs/lab9/api/getPetInfo.php on line 4
[01-Dec-2017 20:44:38 UTC] PHP Stack trace:
[01-Dec-2017 20:44:38 UTC] PHP   1. {main}() /home/ubuntu/workspace/stwalton/labs/lab9/api/getPetInfo.php:0
[01-Dec-2017 20:44:39 UTC] PHP Warning:  include(../../../inc/dbConnection.php): failed to open stream: No such file or directory in /home/ubuntu/workspace/stwalton/labs/lab9/api/getPetInfo.php on line 3
[01-Dec-2017 20:44:39 UTC] PHP Stack trace:
[01-Dec-2017 20:44:39 UTC] PHP   1. {main}() /home/ubuntu/workspace/stwalton/labs/lab9/api/getPetInfo.php:0
[01-Dec-2017 20:44:39 UTC] PHP Warning:  include(): Failed opening '../../../inc/dbConnection.php' for inclusion (include_path='.:/usr/share/php:/usr/share/pear') in /home/ubuntu/workspace/stwalton/labs/lab9/api/getPetInfo.php on line 3
[01-Dec-2017 20:44:39 UTC] PHP Stack trace:
[01-Dec-2017 20:44:39 UTC] PHP   1. {main}() /home/ubuntu/workspace/stwalton/labs/lab9/api/getPetInfo.php:0
[01-Dec-2017 20:44:39 UTC] PHP Fatal error:  Call to undefined function getDBConnection() in /home/ubuntu/workspace/stwalton/labs/lab9/api/getPetInfo.php on line 4
[01-Dec-2017 20:44:39 UTC] PHP Stack trace:
[01-Dec-2017 20:44:39 UTC] PHP   1. {main}() /home/ubuntu/workspace/stwalton/labs/lab9/api/getPetInfo.php:0
[01-Dec-2017 20:45:42 UTC] PHP Warning:  include(../../../inc/dbConnection.php): failed to open stream: No such file or directory in /home/ubuntu/workspace/stwalton/labs/lab9/api/getPetInfo.php on line 3
[01-Dec-2017 20:45:42 UTC] PHP Stack trace:
[01-Dec-2017 20:45:42 UTC] PHP   1. {main}() /home/ubuntu/workspace/stwalton/labs/lab9/api/getPetInfo.php:0
[01-Dec-2017 20:45:42 UTC] PHP Warning:  include(): Failed opening '../../../inc/dbConnection.php' for inclusion (include_path='.:/usr/share/php:/usr/share/pear') in /home/ubuntu/workspace/stwalton/labs/lab9/api/getPetInfo.php on line 3
[01-Dec-2017 20:45:42 UTC] PHP Stack trace:
[01-Dec-2017 20:45:42 UTC] PHP   1. {main}() /home/ubuntu/workspace/stwalton/labs/lab9/api/getPetInfo.php:0
[01-Dec-2017 20:45:42 UTC] PHP Fatal error:  Call to undefined function getDBConnection() in /home/ubuntu/workspace/stwalton/labs/lab9/api/getPetInfo.php on line 4
[01-Dec-2017 20:45:42 UTC] PHP Stack trace:
[01-Dec-2017 20:45:42 UTC] PHP   1. {main}() /home/ubuntu/workspace/stwalton/labs/lab9/api/getPetInfo.php:0
[01-Dec-2017 20:45:43 UTC] PHP Warning:  include(../../../inc/dbConnection.php): failed to open stream: No such file or directory in /home/ubuntu/workspace/stwalton/labs/lab9/api/getPetInfo.php on line 3
[01-Dec-2017 20:45:43 UTC] PHP Stack trace:
[01-Dec-2017 20:45:43 UTC] PHP   1. {main}() /home/ubuntu/workspace/stwalton/labs/lab9/api/getPetInfo.php:0
[01-Dec-2017 20:45:43 UTC] PHP Warning:  include(): Failed opening '../../../inc/dbConnection.php' for inclusion (include_path='.:/usr/share/php:/usr/share/pear') in /home/ubuntu/workspace/stwalton/labs/lab9/api/getPetInfo.php on line 3
[01-Dec-2017 20:45:43 UTC] PHP Stack trace:
[01-Dec-2017 20:45:43 UTC] PHP   1. {main}() /home/ubuntu/workspace/stwalton/labs/lab9/api/getPetInfo.php:0
[01-Dec-2017 20:45:43 UTC] PHP Fatal error:  Call to undefined function getDBConnection() in /home/ubuntu/workspace/stwalton/labs/lab9/api/getPetInfo.php on line 4
[01-Dec-2017 20:45:43 UTC] PHP Stack trace:
[01-Dec-2017 20:45:43 UTC] PHP   1. {main}() /home/ubuntu/workspace/stwalton/labs/lab9/api/getPetInfo.php:0
[01-Dec-2017 20:45:44 UTC] PHP Warning:  include(../../../inc/dbConnection.php): failed to open stream: No such file or directory in /home/ubuntu/workspace/stwalton/labs/lab9/api/getPetInfo.php on line 3
[01-Dec-2017 20:45:44 UTC] PHP Stack trace:
[01-Dec-2017 20:45:44 UTC] PHP   1. {main}() /home/ubuntu/workspace/stwalton/labs/lab9/api/getPetInfo.php:0
[01-Dec-2017 20:45:44 UTC] PHP Warning:  include(): Failed opening '../../../inc/dbConnection.php' for inclusion (include_path='.:/usr/share/php:/usr/share/pear') in /home/ubuntu/workspace/stwalton/labs/lab9/api/getPetInfo.php on line 3
[01-Dec-2017 20:45:44 UTC] PHP Stack trace:
[01-Dec-2017 20:45:44 UTC] PHP   1. {main}() /home/ubuntu/workspace/stwalton/labs/lab9/api/getPetInfo.php:0
[01-Dec-2017 20:45:44 UTC] PHP Fatal error:  Call to undefined function getDBConnection() in /home/ubuntu/workspace/stwalton/labs/lab9/api/getPetInfo.php on line 4
[01-Dec-2017 20:45:44 UTC] PHP Stack trace:
[01-Dec-2017 20:45:44 UTC] PHP   1. {main}() /home/ubuntu/workspace/stwalton/labs/lab9/api/getPetInfo.php:0
[01-Dec-2017 20:45:44 UTC] PHP Warning:  include(../../../inc/dbConnection.php): failed to open stream: No such file or directory in /home/ubuntu/workspace/stwalton/labs/lab9/api/getPetInfo.php on line 3
[01-Dec-2017 20:45:44 UTC] PHP Stack trace:
[01-Dec-2017 20:45:44 UTC] PHP   1. {main}() /home/ubuntu/workspace/stwalton/labs/lab9/api/getPetInfo.php:0
[01-Dec-2017 20:45:44 UTC] PHP Warning:  include(): Failed opening '../../../inc/dbConnection.php' for inclusion (include_path='.:/usr/share/php:/usr/share/pear') in /home/ubuntu/workspace/stwalton/labs/lab9/api/getPetInfo.php on line 3
[01-Dec-2017 20:45:44 UTC] PHP Stack trace:
[01-Dec-2017 20:45:44 UTC] PHP   1. {main}() /home/ubuntu/workspace/stwalton/labs/lab9/api/getPetInfo.php:0
[01-Dec-2017 20:45:44 UTC] PHP Fatal error:  Call to undefined function getDBConnection() in /home/ubuntu/workspace/stwalton/labs/lab9/api/getPetInfo.php on line 4
[01-Dec-2017 20:45:44 UTC] PHP Stack trace:
[01-Dec-2017 20:45:44 UTC] PHP   1. {main}() /home/ubuntu/workspace/stwalton/labs/lab9/api/getPetInfo.php:0
[01-Dec-2017 20:45:44 UTC] PHP Warning:  include(../../../inc/dbConnection.php): failed to open stream: No such file or directory in /home/ubuntu/workspace/stwalton/labs/lab9/api/getPetInfo.php on line 3
[01-Dec-2017 20:45:44 UTC] PHP Stack trace:
[01-Dec-2017 20:45:44 UTC] PHP   1. {main}() /home/ubuntu/workspace/stwalton/labs/lab9/api/getPetInfo.php:0
[01-Dec-2017 20:45:44 UTC] PHP Warning:  include(): Failed opening '../../../inc/dbConnection.php' for inclusion (include_path='.:/usr/share/php:/usr/share/pear') in /home/ubuntu/workspace/stwalton/labs/lab9/api/getPetInfo.php on line 3
[01-Dec-2017 20:45:44 UTC] PHP Stack trace:
[01-Dec-2017 20:45:44 UTC] PHP   1. {main}() /home/ubuntu/workspace/stwalton/labs/lab9/api/getPetInfo.php:0
[01-Dec-2017 20:45:44 UTC] PHP Fatal error:  Call to undefined function getDBConnection() in /home/ubuntu/workspace/stwalton/labs/lab9/api/getPetInfo.php on line 4
[01-Dec-2017 20:45:44 UTC] PHP Stack trace:
[01-Dec-2017 20:45:44 UTC] PHP   1. {main}() /home/ubuntu/workspace/stwalton/labs/lab9/api/getPetInfo.php:0
[01-Dec-2017 20:45:44 UTC] PHP Warning:  include(../../../inc/dbConnection.php): failed to open stream: No such file or directory in /home/ubuntu/workspace/stwalton/labs/lab9/api/getPetInfo.php on line 3
[01-Dec-2017 20:45:44 UTC] PHP Stack trace:
[01-Dec-2017 20:45:44 UTC] PHP   1. {main}() /home/ubuntu/workspace/stwalton/labs/lab9/api/getPetInfo.php:0
[01-Dec-2017 20:45:44 UTC] PHP Warning:  include(): Failed opening '../../../inc/dbConnection.php' for inclusion (include_path='.:/usr/share/php:/usr/share/pear') in /home/ubuntu/workspace/stwalton/labs/lab9/api/getPetInfo.php on line 3
[01-Dec-2017 20:45:44 UTC] PHP Stack trace:
[01-Dec-2017 20:45:44 UTC] PHP   1. {main}() /home/ubuntu/workspace/stwalton/labs/lab9/api/getPetInfo.php:0
[01-Dec-2017 20:45:44 UTC] PHP Fatal error:  Call to undefined function getDBConnection() in /home/ubuntu/workspace/stwalton/labs/lab9/api/getPetInfo.php on line 4
[01-Dec-2017 20:45:44 UTC] PHP Stack trace:
[01-Dec-2017 20:45:44 UTC] PHP   1. {main}() /home/ubuntu/workspace/stwalton/labs/lab9/api/getPetInfo.php:0
[01-Dec-2017 20:46:25 UTC] PHP Warning:  include(../../../inc/dbConnection.php): failed to open stream: No such file or directory in /home/ubuntu/workspace/stwalton/labs/lab9/api/getPetInfo.php on line 3
[01-Dec-2017 20:46:25 UTC] PHP Stack trace:
[01-Dec-2017 20:46:25 UTC] PHP   1. {main}() /home/ubuntu/workspace/stwalton/labs/lab9/api/getPetInfo.php:0
[01-Dec-2017 20:46:25 UTC] PHP Warning:  include(): Failed opening '../../../inc/dbConnection.php' for inclusion (include_path='.:/usr/share/php:/usr/share/pear') in /home/ubuntu/workspace/stwalton/labs/lab9/api/getPetInfo.php on line 3
[01-Dec-2017 20:46:25 UTC] PHP Stack trace:
[01-Dec-2017 20:46:25 UTC] PHP   1. {main}() /home/ubuntu/workspace/stwalton/labs/lab9/api/getPetInfo.php:0
[01-Dec-2017 20:46:25 UTC] PHP Fatal error:  Call to undefined function getDBConnection() in /home/ubuntu/workspace/stwalton/labs/lab9/api/getPetInfo.php on line 4
[01-Dec-2017 20:46:25 UTC] PHP Stack trace:
[01-Dec-2017 20:46:25 UTC] PHP   1. {main}() /home/ubuntu/workspace/stwalton/labs/lab9/api/getPetInfo.php:0
[01-Dec-2017 20:46:26 UTC] PHP Warning:  include(../../../inc/dbConnection.php): failed to open stream: No such file or directory in /home/ubuntu/workspace/stwalton/labs/lab9/api/getPetInfo.php on line 3
[01-Dec-2017 20:46:26 UTC] PHP Stack trace:
[01-Dec-2017 20:46:26 UTC] PHP   1. {main}() /home/ubuntu/workspace/stwalton/labs/lab9/api/getPetInfo.php:0
[01-Dec-2017 20:46:26 UTC] PHP Warning:  include(): Failed opening '../../../inc/dbConnection.php' for inclusion (include_path='.:/usr/share/php:/usr/share/pear') in /home/ubuntu/workspace/stwalton/labs/lab9/api/getPetInfo.php on line 3
[01-Dec-2017 20:46:26 UTC] PHP Stack trace:
[01-Dec-2017 20:46:26 UTC] PHP   1. {main}() /home/ubuntu/workspace/stwalton/labs/lab9/api/getPetInfo.php:0
[01-Dec-2017 20:46:26 UTC] PHP Fatal error:  Call to undefined function getDBConnection() in /home/ubuntu/workspace/stwalton/labs/lab9/api/getPetInfo.php on line 4
[01-Dec-2017 20:46:26 UTC] PHP Stack trace:
[01-Dec-2017 20:46:26 UTC] PHP   1. {main}() /home/ubuntu/workspace/stwalton/labs/lab9/api/getPetInfo.php:0
[01-Dec-2017 20:53:07 UTC] PHP Warning:  include(../../../inc/dbConnection.php): failed to open stream: No such file or directory in /home/ubuntu/workspace/stwalton/labs/lab9/api/getPetInfo.php on line 3
[01-Dec-2017 20:53:07 UTC] PHP Stack trace:
[01-Dec-2017 20:53:07 UTC] PHP   1. {main}() /home/ubuntu/workspace/stwalton/labs/lab9/api/getPetInfo.php:0
[01-Dec-2017 20:53:07 UTC] PHP Warning:  include(): Failed opening '../../../inc/dbConnection.php' for inclusion (include_path='.:/usr/share/php:/usr/share/pear') in /home/ubuntu/workspace/stwalton/labs/lab9/api/getPetInfo.php on line 3
[01-Dec-2017 20:53:07 UTC] PHP Stack trace:
[01-Dec-2017 20:53:07 UTC] PHP   1. {main}() /home/ubuntu/workspace/stwalton/labs/lab9/api/getPetInfo.php:0
[01-Dec-2017 20:53:07 UTC] PHP Fatal error:  Call to undefined function getDBConnection() in /home/ubuntu/workspace/stwalton/labs/lab9/api/getPetInfo.php on line 4
[01-Dec-2017 20:53:07 UTC] PHP Stack trace:
[01-Dec-2017 20:53:07 UTC] PHP   1. {main}() /home/ubuntu/workspace/stwalton/labs/lab9/api/getPetInfo.php:0
[01-Dec-2017 20:53:33 UTC] PHP Warning:  include(../../../inc/dbConnection.php): failed to open stream: No such file or directory in /home/ubuntu/workspace/stwalton/labs/lab9/api/getPetInfo.php on line 3
[01-Dec-2017 20:53:33 UTC] PHP Stack trace:
[01-Dec-2017 20:53:33 UTC] PHP   1. {main}() /home/ubuntu/workspace/stwalton/labs/lab9/api/getPetInfo.php:0
[01-Dec-2017 20:53:33 UTC] PHP Warning:  include(): Failed opening '../../../inc/dbConnection.php' for inclusion (include_path='.:/usr/share/php:/usr/share/pear') in /home/ubuntu/workspace/stwalton/labs/lab9/api/getPetInfo.php on line 3
[01-Dec-2017 20:53:33 UTC] PHP Stack trace:
[01-Dec-2017 20:53:33 UTC] PHP   1. {main}() /home/ubuntu/workspace/stwalton/labs/lab9/api/getPetInfo.php:0
[01-Dec-2017 20:53:33 UTC] PHP Fatal error:  Call to undefined function getDBConnection() in /home/ubuntu/workspace/stwalton/labs/lab9/api/getPetInfo.php on line 4
[01-Dec-2017 20:53:33 UTC] PHP Stack trace:
[01-Dec-2017 20:53:33 UTC] PHP   1. {main}() /home/ubuntu/workspace/stwalton/labs/lab9/api/getPetInfo.php:0
[01-Dec-2017 20:53:48 UTC] PHP Warning:  include(../../../inc/dbConnection.php): failed to open stream: No such file or directory in /home/ubuntu/workspace/stwalton/labs/lab9/api/getPetInfo.php on line 3
[01-Dec-2017 20:53:48 UTC] PHP Stack trace:
[01-Dec-2017 20:53:48 UTC] PHP   1. {main}() /home/ubuntu/workspace/stwalton/labs/lab9/api/getPetInfo.php:0
[01-Dec-2017 20:53:48 UTC] PHP Warning:  include(): Failed opening '../../../inc/dbConnection.php' for inclusion (include_path='.:/usr/share/php:/usr/share/pear') in /home/ubuntu/workspace/stwalton/labs/lab9/api/getPetInfo.php on line 3
[01-Dec-2017 20:53:48 UTC] PHP Stack trace:
[01-Dec-2017 20:53:48 UTC] PHP   1. {main}() /home/ubuntu/workspace/stwalton/labs/lab9/api/getPetInfo.php:0
[01-Dec-2017 20:53:48 UTC] PHP Fatal error:  Call to undefined function getDBConnection() in /home/ubuntu/workspace/stwalton/labs/lab9/api/getPetInfo.php on line 4
[01-Dec-2017 20:53:48 UTC] PHP Stack trace:
[01-Dec-2017 20:53:48 UTC] PHP   1. {main}() /home/ubuntu/workspace/stwalton/labs/lab9/api/getPetInfo.php:0
