[06-Sep-2017 20:41:12 UTC] PHP Fatal error:  Call to undefined function displaySymbol() in /home/ubuntu/workspace/stwalton/labs/lab2/lab2.php on line 11
[06-Sep-2017 20:41:12 UTC] PHP Stack trace:
[06-Sep-2017 20:41:12 UTC] PHP   1. {main}() /home/ubuntu/workspace/stwalton/labs/lab2/lab2.php:0
[06-Sep-2017 20:41:13 UTC] PHP Fatal error:  Call to undefined function displaySymbol() in /home/ubuntu/workspace/stwalton/labs/lab2/lab2.php on line 11
[06-Sep-2017 20:41:13 UTC] PHP Stack trace:
[06-Sep-2017 20:41:13 UTC] PHP   1. {main}() /home/ubuntu/workspace/stwalton/labs/lab2/lab2.php:0
[06-Sep-2017 20:41:38 UTC] PHP Fatal error:  Call to undefined function displaySymbol() in /home/ubuntu/workspace/stwalton/labs/lab2/lab2.php on line 11
[06-Sep-2017 20:41:38 UTC] PHP Stack trace:
[06-Sep-2017 20:41:38 UTC] PHP   1. {main}() /home/ubuntu/workspace/stwalton/labs/lab2/lab2.php:0
[07-Sep-2017 01:39:33 UTC] PHP Fatal error:  Call to undefined function displaySymbol() in /home/ubuntu/workspace/stwalton/labs/lab2/lab2.php on line 12
[07-Sep-2017 01:39:33 UTC] PHP Stack trace:
[07-Sep-2017 01:39:33 UTC] PHP   1. {main}() /home/ubuntu/workspace/stwalton/labs/lab2/lab2.php:0
[07-Sep-2017 02:10:47 UTC] PHP Fatal error:  Call to undefined function displaySymbol() in /home/ubuntu/workspace/stwalton/labs/lab2/lab2.php on line 12
[07-Sep-2017 02:10:47 UTC] PHP Stack trace:
[07-Sep-2017 02:10:47 UTC] PHP   1. {main}() /home/ubuntu/workspace/stwalton/labs/lab2/lab2.php:0
[07-Sep-2017 02:10:48 UTC] PHP Fatal error:  Call to undefined function displaySymbol() in /home/ubuntu/workspace/stwalton/labs/lab2/lab2.php on line 12
[07-Sep-2017 02:10:48 UTC] PHP Stack trace:
[07-Sep-2017 02:10:48 UTC] PHP   1. {main}() /home/ubuntu/workspace/stwalton/labs/lab2/lab2.php:0
[07-Sep-2017 04:01:42 UTC] PHP Warning:  Missing argument 2 for displaySymbol(), called in /home/ubuntu/workspace/stwalton/labs/lab2/inc/functions.php on line 6 and defined in /home/ubuntu/workspace/stwalton/labs/lab2/inc/functions.php on line 12
[07-Sep-2017 04:01:43 UTC] PHP Stack trace:
[07-Sep-2017 04:01:43 UTC] PHP   1. {main}() /home/ubuntu/workspace/stwalton/labs/lab2/lab2.php:0
[07-Sep-2017 04:01:43 UTC] PHP   2. play() /home/ubuntu/workspace/stwalton/labs/lab2/lab2.php:15
[07-Sep-2017 04:01:43 UTC] PHP   3. displaySymbol() /home/ubuntu/workspace/stwalton/labs/lab2/inc/functions.php:6
[07-Sep-2017 04:01:43 UTC] PHP Warning:  Missing argument 2 for displaySymbol(), called in /home/ubuntu/workspace/stwalton/labs/lab2/inc/functions.php on line 6 and defined in /home/ubuntu/workspace/stwalton/labs/lab2/inc/functions.php on line 12
[07-Sep-2017 04:01:43 UTC] PHP Stack trace:
[07-Sep-2017 04:01:43 UTC] PHP   1. {main}() /home/ubuntu/workspace/stwalton/labs/lab2/lab2.php:0
[07-Sep-2017 04:01:43 UTC] PHP   2. play() /home/ubuntu/workspace/stwalton/labs/lab2/lab2.php:15
[07-Sep-2017 04:01:43 UTC] PHP   3. displaySymbol() /home/ubuntu/workspace/stwalton/labs/lab2/inc/functions.php:6
[07-Sep-2017 04:01:43 UTC] PHP Warning:  Missing argument 2 for displaySymbol(), called in /home/ubuntu/workspace/stwalton/labs/lab2/inc/functions.php on line 6 and defined in /home/ubuntu/workspace/stwalton/labs/lab2/inc/functions.php on line 12
[07-Sep-2017 04:01:43 UTC] PHP Stack trace:
[07-Sep-2017 04:01:43 UTC] PHP   1. {main}() /home/ubuntu/workspace/stwalton/labs/lab2/lab2.php:0
[07-Sep-2017 04:01:43 UTC] PHP   2. play() /home/ubuntu/workspace/stwalton/labs/lab2/lab2.php:15
[07-Sep-2017 04:01:43 UTC] PHP   3. displaySymbol() /home/ubuntu/workspace/stwalton/labs/lab2/inc/functions.php:6
[07-Sep-2017 04:01:50 UTC] PHP Warning:  Missing argument 2 for displaySymbol(), called in /home/ubuntu/workspace/stwalton/labs/lab2/inc/functions.php on line 6 and defined in /home/ubuntu/workspace/stwalton/labs/lab2/inc/functions.php on line 12
[07-Sep-2017 04:01:50 UTC] PHP Stack trace:
[07-Sep-2017 04:01:50 UTC] PHP   1. {main}() /home/ubuntu/workspace/stwalton/labs/lab2/lab2.php:0
[07-Sep-2017 04:01:50 UTC] PHP   2. play() /home/ubuntu/workspace/stwalton/labs/lab2/lab2.php:15
[07-Sep-2017 04:01:50 UTC] PHP   3. displaySymbol() /home/ubuntu/workspace/stwalton/labs/lab2/inc/functions.php:6
[07-Sep-2017 04:01:50 UTC] PHP Warning:  Missing argument 2 for displaySymbol(), called in /home/ubuntu/workspace/stwalton/labs/lab2/inc/functions.php on line 6 and defined in /home/ubuntu/workspace/stwalton/labs/lab2/inc/functions.php on line 12
[07-Sep-2017 04:01:50 UTC] PHP Stack trace:
[07-Sep-2017 04:01:50 UTC] PHP   1. {main}() /home/ubuntu/workspace/stwalton/labs/lab2/lab2.php:0
[07-Sep-2017 04:01:50 UTC] PHP   2. play() /home/ubuntu/workspace/stwalton/labs/lab2/lab2.php:15
[07-Sep-2017 04:01:50 UTC] PHP   3. displaySymbol() /home/ubuntu/workspace/stwalton/labs/lab2/inc/functions.php:6
[07-Sep-2017 04:01:50 UTC] PHP Warning:  Missing argument 2 for displaySymbol(), called in /home/ubuntu/workspace/stwalton/labs/lab2/inc/functions.php on line 6 and defined in /home/ubuntu/workspace/stwalton/labs/lab2/inc/functions.php on line 12
[07-Sep-2017 04:01:50 UTC] PHP Stack trace:
[07-Sep-2017 04:01:50 UTC] PHP   1. {main}() /home/ubuntu/workspace/stwalton/labs/lab2/lab2.php:0
[07-Sep-2017 04:01:50 UTC] PHP   2. play() /home/ubuntu/workspace/stwalton/labs/lab2/lab2.php:15
[07-Sep-2017 04:01:50 UTC] PHP   3. displaySymbol() /home/ubuntu/workspace/stwalton/labs/lab2/inc/functions.php:6
[07-Sep-2017 04:01:51 UTC] PHP Warning:  Missing argument 2 for displaySymbol(), called in /home/ubuntu/workspace/stwalton/labs/lab2/inc/functions.php on line 6 and defined in /home/ubuntu/workspace/stwalton/labs/lab2/inc/functions.php on line 12
[07-Sep-2017 04:01:51 UTC] PHP Stack trace:
[07-Sep-2017 04:01:51 UTC] PHP   1. {main}() /home/ubuntu/workspace/stwalton/labs/lab2/lab2.php:0
[07-Sep-2017 04:01:51 UTC] PHP   2. play() /home/ubuntu/workspace/stwalton/labs/lab2/lab2.php:15
[07-Sep-2017 04:01:51 UTC] PHP   3. displaySymbol() /home/ubuntu/workspace/stwalton/labs/lab2/inc/functions.php:6
[07-Sep-2017 04:01:51 UTC] PHP Warning:  Missing argument 2 for displaySymbol(), called in /home/ubuntu/workspace/stwalton/labs/lab2/inc/functions.php on line 6 and defined in /home/ubuntu/workspace/stwalton/labs/lab2/inc/functions.php on line 12
[07-Sep-2017 04:01:51 UTC] PHP Stack trace:
[07-Sep-2017 04:01:51 UTC] PHP   1. {main}() /home/ubuntu/workspace/stwalton/labs/lab2/lab2.php:0
[07-Sep-2017 04:01:51 UTC] PHP   2. play() /home/ubuntu/workspace/stwalton/labs/lab2/lab2.php:15
[07-Sep-2017 04:01:51 UTC] PHP   3. displaySymbol() /home/ubuntu/workspace/stwalton/labs/lab2/inc/functions.php:6
[07-Sep-2017 04:01:51 UTC] PHP Warning:  Missing argument 2 for displaySymbol(), called in /home/ubuntu/workspace/stwalton/labs/lab2/inc/functions.php on line 6 and defined in /home/ubuntu/workspace/stwalton/labs/lab2/inc/functions.php on line 12
[07-Sep-2017 04:01:51 UTC] PHP Stack trace:
[07-Sep-2017 04:01:51 UTC] PHP   1. {main}() /home/ubuntu/workspace/stwalton/labs/lab2/lab2.php:0
[07-Sep-2017 04:01:51 UTC] PHP   2. play() /home/ubuntu/workspace/stwalton/labs/lab2/lab2.php:15
[07-Sep-2017 04:01:51 UTC] PHP   3. displaySymbol() /home/ubuntu/workspace/stwalton/labs/lab2/inc/functions.php:6
[07-Sep-2017 04:01:53 UTC] PHP Warning:  Missing argument 2 for displaySymbol(), called in /home/ubuntu/workspace/stwalton/labs/lab2/inc/functions.php on line 6 and defined in /home/ubuntu/workspace/stwalton/labs/lab2/inc/functions.php on line 12
[07-Sep-2017 04:01:53 UTC] PHP Stack trace:
[07-Sep-2017 04:01:53 UTC] PHP   1. {main}() /home/ubuntu/workspace/stwalton/labs/lab2/lab2.php:0
[07-Sep-2017 04:01:53 UTC] PHP   2. play() /home/ubuntu/workspace/stwalton/labs/lab2/lab2.php:15
[07-Sep-2017 04:01:53 UTC] PHP   3. displaySymbol() /home/ubuntu/workspace/stwalton/labs/lab2/inc/functions.php:6
[07-Sep-2017 04:01:53 UTC] PHP Warning:  Missing argument 2 for displaySymbol(), called in /home/ubuntu/workspace/stwalton/labs/lab2/inc/functions.php on line 6 and defined in /home/ubuntu/workspace/stwalton/labs/lab2/inc/functions.php on line 12
[07-Sep-2017 04:01:53 UTC] PHP Stack trace:
[07-Sep-2017 04:01:53 UTC] PHP   1. {main}() /home/ubuntu/workspace/stwalton/labs/lab2/lab2.php:0
[07-Sep-2017 04:01:53 UTC] PHP   2. play() /home/ubuntu/workspace/stwalton/labs/lab2/lab2.php:15
[07-Sep-2017 04:01:53 UTC] PHP   3. displaySymbol() /home/ubuntu/workspace/stwalton/labs/lab2/inc/functions.php:6
[07-Sep-2017 04:01:53 UTC] PHP Warning:  Missing argument 2 for displaySymbol(), called in /home/ubuntu/workspace/stwalton/labs/lab2/inc/functions.php on line 6 and defined in /home/ubuntu/workspace/stwalton/labs/lab2/inc/functions.php on line 12
[07-Sep-2017 04:01:53 UTC] PHP Stack trace:
[07-Sep-2017 04:01:53 UTC] PHP   1. {main}() /home/ubuntu/workspace/stwalton/labs/lab2/lab2.php:0
[07-Sep-2017 04:01:53 UTC] PHP   2. play() /home/ubuntu/workspace/stwalton/labs/lab2/lab2.php:15
[07-Sep-2017 04:01:53 UTC] PHP   3. displaySymbol() /home/ubuntu/workspace/stwalton/labs/lab2/inc/functions.php:6
[07-Sep-2017 04:01:54 UTC] PHP Warning:  Missing argument 2 for displaySymbol(), called in /home/ubuntu/workspace/stwalton/labs/lab2/inc/functions.php on line 6 and defined in /home/ubuntu/workspace/stwalton/labs/lab2/inc/functions.php on line 12
[07-Sep-2017 04:01:54 UTC] PHP Stack trace:
[07-Sep-2017 04:01:54 UTC] PHP   1. {main}() /home/ubuntu/workspace/stwalton/labs/lab2/lab2.php:0
[07-Sep-2017 04:01:54 UTC] PHP   2. play() /home/ubuntu/workspace/stwalton/labs/lab2/lab2.php:15
[07-Sep-2017 04:01:54 UTC] PHP   3. displaySymbol() /home/ubuntu/workspace/stwalton/labs/lab2/inc/functions.php:6
[07-Sep-2017 04:01:54 UTC] PHP Warning:  Missing argument 2 for displaySymbol(), called in /home/ubuntu/workspace/stwalton/labs/lab2/inc/functions.php on line 6 and defined in /home/ubuntu/workspace/stwalton/labs/lab2/inc/functions.php on line 12
[07-Sep-2017 04:01:54 UTC] PHP Stack trace:
[07-Sep-2017 04:01:54 UTC] PHP   1. {main}() /home/ubuntu/workspace/stwalton/labs/lab2/lab2.php:0
[07-Sep-2017 04:01:54 UTC] PHP   2. play() /home/ubuntu/workspace/stwalton/labs/lab2/lab2.php:15
[07-Sep-2017 04:01:54 UTC] PHP   3. displaySymbol() /home/ubuntu/workspace/stwalton/labs/lab2/inc/functions.php:6
[07-Sep-2017 04:01:54 UTC] PHP Warning:  Missing argument 2 for displaySymbol(), called in /home/ubuntu/workspace/stwalton/labs/lab2/inc/functions.php on line 6 and defined in /home/ubuntu/workspace/stwalton/labs/lab2/inc/functions.php on line 12
[07-Sep-2017 04:01:54 UTC] PHP Stack trace:
[07-Sep-2017 04:01:54 UTC] PHP   1. {main}() /home/ubuntu/workspace/stwalton/labs/lab2/lab2.php:0
[07-Sep-2017 04:01:54 UTC] PHP   2. play() /home/ubuntu/workspace/stwalton/labs/lab2/lab2.php:15
[07-Sep-2017 04:01:54 UTC] PHP   3. displaySymbol() /home/ubuntu/workspace/stwalton/labs/lab2/inc/functions.php:6
[07-Sep-2017 04:01:55 UTC] PHP Warning:  Missing argument 2 for displaySymbol(), called in /home/ubuntu/workspace/stwalton/labs/lab2/inc/functions.php on line 6 and defined in /home/ubuntu/workspace/stwalton/labs/lab2/inc/functions.php on line 12
[07-Sep-2017 04:01:55 UTC] PHP Stack trace:
[07-Sep-2017 04:01:55 UTC] PHP   1. {main}() /home/ubuntu/workspace/stwalton/labs/lab2/lab2.php:0
[07-Sep-2017 04:01:55 UTC] PHP   2. play() /home/ubuntu/workspace/stwalton/labs/lab2/lab2.php:15
[07-Sep-2017 04:01:55 UTC] PHP   3. displaySymbol() /home/ubuntu/workspace/stwalton/labs/lab2/inc/functions.php:6
[07-Sep-2017 04:01:55 UTC] PHP Warning:  Missing argument 2 for displaySymbol(), called in /home/ubuntu/workspace/stwalton/labs/lab2/inc/functions.php on line 6 and defined in /home/ubuntu/workspace/stwalton/labs/lab2/inc/functions.php on line 12
[07-Sep-2017 04:01:55 UTC] PHP Stack trace:
[07-Sep-2017 04:01:55 UTC] PHP   1. {main}() /home/ubuntu/workspace/stwalton/labs/lab2/lab2.php:0
[07-Sep-2017 04:01:55 UTC] PHP   2. play() /home/ubuntu/workspace/stwalton/labs/lab2/lab2.php:15
[07-Sep-2017 04:01:55 UTC] PHP   3. displaySymbol() /home/ubuntu/workspace/stwalton/labs/lab2/inc/functions.php:6
[07-Sep-2017 04:01:55 UTC] PHP Warning:  Missing argument 2 for displaySymbol(), called in /home/ubuntu/workspace/stwalton/labs/lab2/inc/functions.php on line 6 and defined in /home/ubuntu/workspace/stwalton/labs/lab2/inc/functions.php on line 12
[07-Sep-2017 04:01:55 UTC] PHP Stack trace:
[07-Sep-2017 04:01:55 UTC] PHP   1. {main}() /home/ubuntu/workspace/stwalton/labs/lab2/lab2.php:0
[07-Sep-2017 04:01:55 UTC] PHP   2. play() /home/ubuntu/workspace/stwalton/labs/lab2/lab2.php:15
[07-Sep-2017 04:01:55 UTC] PHP   3. displaySymbol() /home/ubuntu/workspace/stwalton/labs/lab2/inc/functions.php:6
[07-Sep-2017 04:03:03 UTC] PHP Warning:  Missing argument 2 for displaySymbol(), called in /home/ubuntu/workspace/stwalton/labs/lab2/inc/functions.php on line 6 and defined in /home/ubuntu/workspace/stwalton/labs/lab2/inc/functions.php on line 12
[07-Sep-2017 04:03:03 UTC] PHP Stack trace:
[07-Sep-2017 04:03:03 UTC] PHP   1. {main}() /home/ubuntu/workspace/stwalton/labs/lab2/lab2.php:0
[07-Sep-2017 04:03:03 UTC] PHP   2. play() /home/ubuntu/workspace/stwalton/labs/lab2/lab2.php:15
[07-Sep-2017 04:03:03 UTC] PHP   3. displaySymbol() /home/ubuntu/workspace/stwalton/labs/lab2/inc/functions.php:6
[07-Sep-2017 04:03:03 UTC] PHP Warning:  Missing argument 2 for displaySymbol(), called in /home/ubuntu/workspace/stwalton/labs/lab2/inc/functions.php on line 6 and defined in /home/ubuntu/workspace/stwalton/labs/lab2/inc/functions.php on line 12
[07-Sep-2017 04:03:03 UTC] PHP Stack trace:
[07-Sep-2017 04:03:03 UTC] PHP   1. {main}() /home/ubuntu/workspace/stwalton/labs/lab2/lab2.php:0
[07-Sep-2017 04:03:03 UTC] PHP   2. play() /home/ubuntu/workspace/stwalton/labs/lab2/lab2.php:15
[07-Sep-2017 04:03:03 UTC] PHP   3. displaySymbol() /home/ubuntu/workspace/stwalton/labs/lab2/inc/functions.php:6
[07-Sep-2017 04:03:03 UTC] PHP Warning:  Missing argument 2 for displaySymbol(), called in /home/ubuntu/workspace/stwalton/labs/lab2/inc/functions.php on line 6 and defined in /home/ubuntu/workspace/stwalton/labs/lab2/inc/functions.php on line 12
[07-Sep-2017 04:03:03 UTC] PHP Stack trace:
[07-Sep-2017 04:03:03 UTC] PHP   1. {main}() /home/ubuntu/workspace/stwalton/labs/lab2/lab2.php:0
[07-Sep-2017 04:03:03 UTC] PHP   2. play() /home/ubuntu/workspace/stwalton/labs/lab2/lab2.php:15
[07-Sep-2017 04:03:03 UTC] PHP   3. displaySymbol() /home/ubuntu/workspace/stwalton/labs/lab2/inc/functions.php:6
[07-Sep-2017 04:03:15 UTC] PHP Parse error:  syntax error, unexpected '$i' (T_VARIABLE) in /home/ubuntu/workspace/stwalton/labs/lab2/inc/functions.php on line 6
[07-Sep-2017 04:03:15 UTC] PHP Stack trace:
[07-Sep-2017 04:03:15 UTC] PHP   1. {main}() /home/ubuntu/workspace/stwalton/labs/lab2/lab2.php:0
[08-Sep-2017 06:42:03 UTC] PHP Parse error:  syntax error, unexpected '$i' (T_VARIABLE) in /home/ubuntu/workspace/stwalton/labs/lab2/inc/functions.php on line 6
[08-Sep-2017 06:42:03 UTC] PHP Stack trace:
[08-Sep-2017 06:42:03 UTC] PHP   1. {main}() /home/ubuntu/workspace/stwalton/labs/lab2/lab2.php:0
